<?xml version="1.0" encoding="UTF-8"?>
<testng-results ignored="0" total="1" passed="1" failed="0" skipped="0">
  <reporter-output>
  </reporter-output>
  <suite started-at="2025-03-26T12:40:54 IST" name="Surefire suite" finished-at="2025-03-26T12:41:00 IST" duration-ms="6352">
    <groups>
    </groups>
    <test started-at="2025-03-26T12:40:54 IST" name="Surefire test" finished-at="2025-03-26T12:41:00 IST" duration-ms="6352">
      <class name="com.qa.apiTests.PostalPinApiTest">
        <test-method signature="pinApiTest()[pri:0, instance:com.qa.apiTests.PostalPinApiTest@226a82c4]" started-at="2025-03-26T12:40:54 IST" name="pinApiTest" finished-at="2025-03-26T12:41:00 IST" duration-ms="6266" status="PASS">
          <reporter-output>
          </reporter-output>
        </test-method> <!-- pinApiTest -->
      </class> <!-- com.qa.apiTests.PostalPinApiTest -->
    </test> <!-- Surefire test -->
  </suite> <!-- Surefire suite -->
</testng-results>
