<?xml version="1.0" encoding="UTF-8"?>
<testng-results ignored="0" total="1" passed="1" failed="0" skipped="0">
  <reporter-output>
  </reporter-output>
  <suite started-at="2025-03-28T23:46:01 IST" name="Surefire suite" finished-at="2025-03-28T23:46:05 IST" duration-ms="3709">
    <groups>
    </groups>
    <test started-at="2025-03-28T23:46:01 IST" name="Surefire test" finished-at="2025-03-28T23:46:05 IST" duration-ms="3709">
      <class name="com.qa.apiTests.PostalPinApiTest">
        <test-method signature="pinApiTest()[pri:0, instance:com.qa.apiTests.PostalPinApiTest@48fa0f47]" started-at="2025-03-28T23:46:01 IST" name="pinApiTest" finished-at="2025-03-28T23:46:05 IST" duration-ms="3660" status="PASS">
          <reporter-output>
          </reporter-output>
        </test-method> <!-- pinApiTest -->
      </class> <!-- com.qa.apiTests.PostalPinApiTest -->
    </test> <!-- Surefire test -->
  </suite> <!-- Surefire suite -->
</testng-results>
