<?xml version="1.0" encoding="UTF-8"?>
<testng-results ignored="0" total="1" passed="1" failed="0" skipped="0">
  <reporter-output>
  </reporter-output>
  <suite started-at="2025-03-28T16:14:03 IST" name="Default suite" finished-at="2025-03-28T16:14:08 IST" duration-ms="5352">
    <groups>
    </groups>
    <test started-at="2025-03-28T16:14:03 IST" name="Default test" finished-at="2025-03-28T16:14:08 IST" duration-ms="5352">
      <class name="com.qa.apiTests.LoginAPITest">
        <test-method signature="testLoginAPI()[pri:0, instance:com.qa.apiTests.LoginAPITest@bcec361]" started-at="2025-03-28T16:14:03 IST" name="testLoginAPI" finished-at="2025-03-28T16:14:08 IST" duration-ms="5271" status="PASS">
          <reporter-output>
          </reporter-output>
        </test-method> <!-- testLoginAPI -->
      </class> <!-- com.qa.apiTests.LoginAPITest -->
    </test> <!-- Default test -->
  </suite> <!-- Default suite -->
</testng-results>
