<?xml version="1.0" encoding="UTF-8"?>
<testng-results ignored="0" total="1" passed="1" failed="0" skipped="0">
  <reporter-output>
  </reporter-output>
  <suite started-at="2025-03-26T11:10:24 IST" name="Default suite" finished-at="2025-03-26T11:10:29 IST" duration-ms="4554">
    <groups>
    </groups>
    <test started-at="2025-03-26T11:10:24 IST" name="Default test" finished-at="2025-03-26T11:10:29 IST" duration-ms="4554">
      <class name="com.qa.apiTests.PostApi">
        <test-method signature="checkPostApi()[pri:0, instance:com.qa.apiTests.PostApi@bcec361]" started-at="2025-03-26T11:10:25 IST" name="checkPostApi" finished-at="2025-03-26T11:10:29 IST" duration-ms="4490" status="PASS">
          <reporter-output>
          </reporter-output>
        </test-method> <!-- checkPostApi -->
      </class> <!-- com.qa.apiTests.PostApi -->
    </test> <!-- Default test -->
  </suite> <!-- Default suite -->
</testng-results>
